ba
{"domain": "www.centrodedownload.com", "originalUrl": "http://www.centrodedownload.com/2013/02/avenging-angel.html", "extension": "", "success": 1, "decoded_url": "http://www.multiupload.nl/9017CUC7AV", "type": 1, "method": "get url + regex"}
{"domain": "www.pqueno.com", "originalUrl": "http://www.pqueno.com/?a0kjC", "extension": "", "success": 1, "decoded_url": "http://www.gigasize.com/get.php?d=zzdrym6mz8b", "type": 1, "method": "get url + regex"}
{"domain": "www.lockurl.org", "originalUrl": "http://www.lockurl.org/YuxW13", "extension": "", "success": 1, "decoded_url": "http://oron.com/hc7j185ibssd/AH_Final_Fantasy_VII_Advent_Children_Complete_5BBD_5D.part01.rar.html", "type": 1, "method": "get url + regex"}
{"domain": "link-protector.com", "originalUrl": "http://link-protector.com/x-88356", "extension": "", "success": 1, "decoded_url": "http://rapidshare.com/files/215142479/1996_-_Venus_Isle.rar", "type": 1, "method": "get url + regex"}
{"domain": "linkprotegido.info", "originalUrl": "http://linkprotegido.info/2s/ID/?a985", "extension": "", "success": 1, "decoded_url": "http://depositfiles.com/files/t1xm9vyh2", "type": 1, "method": "get url + regex"}
{"domain": "www.centrodedownload.com", "originalUrl": "http://www.centrodedownload.com/2011/10/assassins-creed-hd.html", "extension": "", "success": 1, "decoded_url": "http://www.mediafire.com/?r8umm5qq2xnzzmk", "type": 1, "method": "get url + regex"}
{"domain": "adf.ly", "originalUrl": "http://adf.ly/T5aAc", "extension": "", "success": 1, "decoded_url": "http://www.predicta.net", "type": 1, "method": "special (adf.ly) split string b64"}
{"domain": "adf.ly", "originalUrl": "http://adf.ly/RFKCZ", "extension": "", "success": 1, "decoded_url": "http://www37.zippyshare.com/v/46543982/file.html", "type": 1, "method": "special (adf.ly) split string b64"}
{"domain": "www.link-protegido.com", "originalUrl": "http://www.link-protegido.com/semprefilmesv2/?link=6HCZL0W01X", "extension": "", "success": 1, "decoded_url": "http://uploaded.net/file/dmoy47yu", "type": 1, "method": "usando desprotetordelink.com(link-protegido.com)"}
{"domain": "www.link-protegido.com", "originalUrl": "http://www.link-protegido.com/semprefilmesv2/?link=CCKIT94P73", "extension": "", "success": 1, "decoded_url": "http://bitshare.com/files/650rpa4a/Sev2n.Os.Set5.Cr1m3s.Cap1tai5.Dubl2d-.mkv.html", "type": 1, "method": "usando desprotetordelink.com(link-protegido.com)"}
{"domain": "test.test", "originalUrl": "http://test.test/go!http://www.correct.com", "extension": "", "success": 1, "decoded_url": "http://www.correct.com", "type": 1, "method": "string after separator ++ simple"}
{"domain": "test.test|http:", "originalUrl": "http://test.test|http://www.correct.com", "extension": "", "success": 1, "decoded_url": "http://www.correct.com", "type": 1, "method": "string after separator ++ simple"}
{"domain": "test.test", "originalUrl": "http://test.test//download/?http://www.correct.com", "extension": "", "success": 1, "decoded_url": "http://www.correct.com", "type": 1, "method": "string after separator ++ simple"}
{"domain": "test.test", "originalUrl": "http://test.test?down!http://www.correct.com", "extension": "", "success": 1, "decoded_url": "http://www.correct.com", "type": 1, "method": "string after separator ++ simple"}
{"domain": "test.test", "originalUrl": "http://test.test?down!http://www.correct.com", "extension": "", "success": 1, "decoded_url": "http://www.correct.com", "type": 1, "method": "string after separator ++ simple"}
{"domain": "www.dicasgratisnanet.net", "originalUrl": "http://www.dicasgratisnanet.net/protetoradsense2//p/protcaHR0cDovL/bWFnbmV0Oj94dD11cm46YnRpaDo1ZTEyMGQwMjMxM2U3YjI3MzY3ZTAzYTA4ODBlZThiNTAxMDI0ZjU0JmRuPWpvZ29zK21vcnRhaXMrMSUyQzIlMkMzJTJDNCUyQzUlMkM2K2UrNytkdWJsYWRvJnRyPXVkcCUzQSUyRiUyRnRyYWNrZXIub3BlbmJpdHRvcnJlbnQuY29tJTNBODAmdHI9dWRwJTNBJTJGJTJGdHJhY2tlci5wdWJsaWNidC5jb20lM0E4MCZ0cj11ZHAlM0ElMkYlMkZ0cmFja2VyLmlzdG9sZS5pdCUzQTY5NjkmdHI9dWRwJTNBJTJGJTJGdHJhY2tlci5jY2MuZGUlM0E4MCZ0cj11ZHAlM0ElMkYlMkZvcGVuLmRlbW9uaWkuY29tJTNBMTMzNw==", "extension": "", "success": 1, "decoded_url": "http://\u0016vWCCW&'FVS\u0013#\u0006C\u0003#3\u00136Sv##s3cvS\u00036\u0013\u0003\u0006VS#S\u0003\u0013\u0003#FcSBfF\u05a6v2'F\u00162\u0012S$3\"S$32S$3BS$3RS$3bRrGV&\u0016FgG#VG\u0002S4\u0012S$bS$gG&\u00166W\"\u0006V&GF'&VB6S4\u0013\u0002gG#VG\u0002S4\u0012S$bS$gG&\u00166W\"\u0007V&\u01966'B6S4\u0013\u0002gG#VG\u0002S4\u0012S$bS$gG&\u00166W\"7FRBS4\u0013ccgG#VG\u0002S4\u0012S$bS$gG&\u00166W\"662FRS4\u0013\u0002gG#VG\u0002S4\u0012S$bS$f\u0006VFV\u65926S4\u0013\u001333p", "type": 1, "method": "base64"}
{"domain": "www.vamola.in", "originalUrl": "http://www.vamola.in/&test&test&http://www.correct.com", "extension": "", "success": 1, "decoded_url": "http://www.correct.com", "type": 1, "method": "string after separator ++ simple"}
{"domain": "superdownsmega.paginadedownload.info", "originalUrl": "http://superdownsmega.paginadedownload.info/http://www.cor.urlrect.com", "extension": "", "success": 1, "decoded_url": "http://www.correct.com", "type": 1, "method": "string after separator ++ simple"}
{"domain": "superdownsmega.paginadedownload.info", "originalUrl": "http://superdownsmega.paginadedownload.info/http://www.cor.urlrect.com", "extension": "", "success": 1, "decoded_url": "http://www.correct.com", "type": 1, "method": "string after separator ++ simple"}
{"domain": "filmeslegendados.info", "originalUrl": "http://filmeslegendados.info/?http://www.correct.com", "extension": "", "success": 1, "decoded_url": "http://www.correct.com", "type": 1, "method": "string after separator ++ simple"}
{"domain": "dicasedicas.info", "originalUrl": "http://dicasedicas.info/go/protetor/?8bfwxktq/ot.lu//:ptth", "extension": "", "success": 1, "decoded_url": "http://ul.to/qtkxwfb8", "type": 1, "method": "string after separator ++ reverse"}
{"domain": "gta.nafaixa.com.br", "originalUrl": "http://gta.nafaixa.com.br/link-download/pd/aHR0cDovL/68747470733a2f2f646c2e64726f70626f782e636f6d2f752f36373333343230342f4754412532305341253230416476616e6365642532304d6f64732f417765736f6d652532302e49465025323056332e726172", "extension": "", "success": 1, "decoded_url": "https://dl.dropbox.com/u/67334204/GTA%20SA%20Advanced%20Mods/Awesome%20.IFP%20V3.rar", "type": 1, "method": "string after separator ++ hex unencode"}
{"domain": "", "originalUrl": "68747470733a2f2f646c2e64726f70626f782e636f6d2f752f36373333343230342f4754412532305341253230416476616e6365642532304d6f64732f417765736f6d652532302e49465025323056332e726172", "extension": "", "success": 1, "decoded_url": "https://dl.dropbox.com/u/67334204/GTA%20SA%20Advanced%20Mods/Awesome%20.IFP%20V3.rar", "type": 1, "method": "hex unencode"}
{"domain": "", "originalUrl": "aHR0cDovL2Fkdi5saS83MzkwL2h0dHA6Ly95YWRpLnNrL2QvN19YbWJTSkEwQUprMQ==", "extension": "", "success": 1, "decoded_url": "http://adv.li/7390/http://yadi.sk/d/7_XmbSJA0AJk1", "type": 1, "method": "base64"}
{"domain": "", "originalUrl": "QmFpeGFyIEZpbG1lIERldG9uYSBSYWxwaCAgRHVibGFkb3xodHRwOi8vYml0c2hhcmUuY29tL2ZpbGVzL3Y0NjgzanB5L0RSYWxwLlI1LkQuQS5hdmkuaHRtbA=", "extension": "", "success": 1, "decoded_url": "http://bitshare.com/files/v4683jpy/DRalp.R5.D.A.avi.html", "type": 1, "method": "default base64 with pipe separator, no url"}
{"domain": "www.test.com.br", "originalUrl": "http://www.test.com.br?url=http://desprotetordelink.com", "type": 1, "extension": "", "success": 0}
{"domain": "www.test.com.br", "originalUrl": "http://www.test.com.br?url=http://www.correct.com", "extension": "", "success": 1, "decoded_url": "http://www.correct.com", "type": 1, "method": "simple query string ++ simple"}
{"domain": "www.test.com.br", "originalUrl": "http://www.test.com.br?url=http://www.correct.com", "extension": "", "success": 1, "decoded_url": "http://www.correct.com", "type": 1, "method": "simple query string ++ simple"}
{"domain": "", "originalUrl": "lmth.rar.RCSMMM0B0DAL/3719gyqu/selif/moc.erahstib//:ptth", "extension": "", "success": 1, "decoded_url": "http://bitshare.com/files/uqyg9173/LAD0B0MMMSCR.rar.html", "type": 1, "method": "reverse"}
{"domain": "www.bolosetortas.info", "originalUrl": "http://www.bolosetortas.info/bolodelimao/?url=lmth.bvmr.geL.DB.VdEO2FM/tz6iarpt/selif/moc.erahskaerf//:ptth", "extension": "", "success": 1, "decoded_url": "http://freakshare.com/files/tprai6zt/MF2OEdV.BD.Leg.rmvb.html", "type": 1, "method": "simple query string ++ reverse"}
{"domain": "www.test.com.br", "originalUrl": "http://www.test.com.br?url=http://www.correct.com", "extension": "", "success": 1, "decoded_url": "http://www.correct.com", "type": 1, "method": "simple query string ++ simple"}
{"domain": "www.test.com.br", "originalUrl": "http://www.test.com.br?blag=xkcd&enourmousparametername=http://www.correct.com&url=test&test=1", "extension": "", "success": 1, "decoded_url": "http://www.correct.com", "type": 1, "method": "simple query string ++ simple"}
{"domain": "www.buskaqui.in", "originalUrl": "http://www.buskaqui.in/protetoradsense2//pd/aHR0cDovL/687474703a2f2f747572626f6269742e6e65742f6b3472796b626f39347830692e68746d6c", "extension": "", "success": 1, "decoded_url": "http://turbobit.net/k4rykbo94x0i.html", "type": 1, "method": "hex unencode"}
{"domain": "www.baixandolegal.org", "originalUrl": "http://www.baixandolegal.org/d/index3.php?l=aC9pdi9XdHdsZWZ1dHdlLmllcHdzY2w1Oi5lb2V4L2ZybS9FWA", "extension": "", "success": 1, "decoded_url": "http://www.fileserve.com/file/Wue5xEX", "type": 1, "method": "custom decode even roundabout"}
{"domain": "www.baixandolegal.org", "originalUrl": "http://www.baixandolegal.org/d/index3.php?l=aHdpbDZkcnVjdC5jZTFvZ2RodGYuLy9sLmkucGljNWJlYm5UOmxvMmFneWhCL2VtMWlhLm9CL3MvMHhsQ0xUd29mMmEubGUud25pNW5vYWUwMi4wNS5ybXZi", "extension": "", "success": 1, "decoded_url": "http://www.filesonic.com/file/52102561/baixandolegal.org.by.ClaudinhoLeech.TBBT.02.05.rmvb", "type": 1, "method": "custom decode even roundabout"}
{"domain": "www.baixandolegal.org", "originalUrl": "http://www.baixandolegal.org/d/index3.php?l=aGlhZWlMLnV0YmRqZDJMYnRlLmhtLlAucHJjMi9CYXI6dW9pU0RybS9wbTdIUmt2L2wvajNpLmJmbzFiUnBELmh0bWw=", "extension": "", "success": 1, "decoded_url": "http://fiberupload.com/1ejh2i7jbidm/SH3RL2.BDRip.LPark.Dub.rmvb.html", "type": 1, "method": "custom decode even roundabout"}
{"domain": "www.baixandolegal.org", "originalUrl": "http://www.baixandolegal.org/d/index3.php?l=YUhCakx6UXlZUzVzZEdsdk1pOHdiR0psZEdSdE9FOHdhV0ZuY0hNdk5XWXpkR2xoT21obU0yWXVaWGhzTDJGcE9XbDFYMkV1TDNKc01HTnNkMjV2Y21WbE5HVjBkMlJ5WVM1ek1DNXlkMjluTG5KaGNnPT0=", "extension": "", "success": 1, "decoded_url": "http://rapidshare.com/files/285390404/Office.2003.ultralite_www.baixandolegal.org.rar", "type": 1, "method": "custom decode even roundabout"}
{"domain": "protetor.downloadcdsgratis.com", "originalUrl": "http://protetor.downloadcdsgratis.com/?url=UhTt3tUpG:N/S/Vw=wdw?./mmeogca.udpalo&t=2", "extension": "", "success": 1, "decoded_url": "http://www.megaupload.com/?d=VSNGU3TU", "type": 1, "method": "custom decode even/odd"}
{"domain": "36.baixevipdown.net", "originalUrl": "http://36.baixevipdown.net/?test=http://www.incorrect.com&url=http://www.correct.com&?test2=http://www.incorrect.com", "extension": "", "success": 1, "decoded_url": "http://www.correct.com", "type": 1, "method": "simple"}
{"domain": "www.sitesmundo.net", "originalUrl": "http://www.sitesmundo.net/baixar/linkBV/index1.php?link=4142434445464748494A4B4C4F4D4E4F5051525354555758595A&location=06c06d07406802e05304105204204f04104904e05507707707705f02d05f06507006d06104305f06106907204605f06e06906b05302f06d03305107006b06206d06802f06506c06906602f06d06f06302e06406507206106807303402e07707707702f02f03a070074074068", "extension": "", "success": 1, "decoded_url": "http://www.4shared.com/file/hmbkpQ3m/Skin_Fria_Campe_-_wwwUNIAOBRAS.html", "type": 1, "method": "custom decode inverted s with 0s between"}
{"domain": "protetor.download-jogo.com", "originalUrl": "http://protetor.download-jogo.com/v2/?url=kjhUhTt3tUpG:N/S/Vw=wdw?./mmeogca.udpalokjh&t=2", "extension": "", "success": 1, "decoded_url": "http://www.megaupload.com/?d=VSNGU3TU", "type": 1, "method": "custom decode even roundabout"}
{"domain": "www.protetor.org", "originalUrl": "http://www.protetor.org/baixar.php?h=m4479uu-j7x.n4pnaj.g0xtupnaj.u08ph_6/aa", "extension": "", "success": 1, "decoded_url": "http://depositfiles.com/files/cwfxkrzll", "type": 1, "method": "custom decode rotate char"}
{"domain": "www.loucosporsoftwares.com", "originalUrl": "http://www.loucosporsoftwares.com/lps/protetor/?url=VGhlIFdhbGtpbmcgRGVhZDogU3Vydml2YWwgSW5zdGluY3QgIFJlbG9hZGVkfGh0dHA6Ly9zaGFyZWZpbGVzLmNvL3ZxMnlqOGl3dHp6by9SRUxUV0RTMS5wYXJ0NC5yYXIuaHRtbA==", "extension": "", "success": 1, "decoded_url": "http://sharefiles.co/vq2yj8iwtzzo/RELTWDS1.part4.rar.html", "type": 1, "method": "special (direcionando.baixetudo) split string b64"}
{"domain": "www.linkstw.com", "originalUrl": "http://www.linkstw.com/sh/protetor.php?link=Z@E$5KGwNWa/elif/moc.evreselif.www//:ptth", "extension": "", "success": 1, "decoded_url": "http://www.fileserve.com/file/aWNwGK5", "type": 1, "method": "custom simple param"}
{"domain": "gospel.ebaixar.com", "originalUrl": "http://gospel.ebaixar.com/?ID!aHR0cDovL3d3dy40c2hhcmVkLmNvbS9yYXIvS1hOYWQzdi0vR09TUEVMX01VU0lDQV9VTklURURfXzIwMTNfcGFyLmh0bWw=", "extension": "", "success": 1, "decoded_url": "http://www.4shared.com/rar/KXNad3v-/GOSPEL_MUSICA_UNITED__2013_par.html", "type": 1, "method": "base64"}
{"domain": "redirecionardownbt.com", "originalUrl": "http://redirecionardownbt.com/index.php?url=aHR0cDovL2Fkdi5saS83MzkwL2h0dHA6Ly95YWRpLnNrL2QvN19YbWJTSkEwQUprMQ==", "extension": "", "success": 1, "decoded_url": "http://adv.li/7390/http://yadi.sk/d/7_XmbSJA0AJk1", "type": 1, "method": "simple query string ++ base64"}
{"domain": "www.agaleradodownload.com", "originalUrl": "http://www.agaleradodownload.com/download/?id=687474703a2f2f6465706f73697466696c65732e636f6d2f66696c65732f63376f616f39317375", "extension": "", "success": 1, "decoded_url": "http://depositfiles.com/files/c7oao91su", "type": 1, "method": "simple query string ++ hex unencode"}
{"domain": "", "originalUrl": "RG93bmxvYWQgRGUgUGVybmFzIFBybyBBciAyfGh0dHA6Ly9saW5rcHJvdGVnaWRvLmluZm8vcmVkaXJlY2lvbmFyLz91cmw9aHR0cDovL3llc3MubWUvaXIvaWQvYUhSMGNEb3ZMM0JoYzNSbFltbHVMbU52YlM5elF6aENNMEZqZUE9PS8", "extension": "", "success": 1, "decoded_url": "http://yess.me/ir/id/aHR0cDovL3Bhc3RlYmluLmNvbS9zQzhCM0FjeA==/", "type": 1, "method": "base64"}
{"domain": "", "originalUrl": "Um9sbGluZyBTdG9uZXMgIEdyZWF0ZXN0IEhpdHN8aHR0cHM6Ly9ob3RmaWxlLmNvbS9kbC8xNzczNjg4NzMvNzdiYTcxYS90aGVyZWJlbHMubmVja2VsNDkucmFyLmh0bWw=", "extension": "", "success": 1, "decoded_url": "https://hotfile.com/dl/177368873/77ba71a/therebels.neckel49.rar.html", "type": 1, "method": "base64"}
{"domain": "www.baixarfilmesdublados.info", "originalUrl": "http://www.baixarfilmesdublados.info/baixar/?url=QmFpeGFyIEZpbG1lIEEgQ2FzYSBEb3MgU29uaG9zICBEdWJsYWRvfGh0dHA6Ly91bC50by94a2E4cjkybi9BQ2RTLkJELkR1Yi5ybXZi", "extension": "", "success": 1, "decoded_url": "http://ul.to/xka8r92n/ACdS.BD.Dub.rmvb", "type": 1, "method": "special (direcionando.baixetudo) split string b64"}
{"domain": "www.klumag.net", "originalUrl": "http://www.klumag.net/ids/id35/baixar?lnk=QmFpeGFyIEZpbG1lIFBvbGljaWFsIEVtIEFwdXJvcyAgRHVibGFkb3xodHRwOi8vdXBsb2FkZWQubmV0L2ZpbGUvZDZwdTdhNjE=", "extension": "", "success": 1, "decoded_url": "http://uploaded.net/file/d6pu7a61", "type": 1, "method": "special (direcionando.baixetudo) split string b64"}
{"domain": "www.baixeadrenalina.com", "originalUrl": "http://www.baixeadrenalina.com/protetor/?id=687474703a2f2f62697473686172652e636f6d2f66696c65732f30367474776f6e6d2f5355502e5430352e4530312e2d2e4475616c2e417564696f2e7261722e68746d6c", "extension": "", "success": 1, "decoded_url": "http://bitshare.com/files/06ttwonm/SUP.T05.E01.-.Dual.Audio.rar.html", "type": 1, "method": "simple query string ++ hex unencode"}
{"domain": "www.celularbr.com", "originalUrl": "http://www.celularbr.com/seven/?NP129KKT=d?/moc.daolpuagem.www//:ptth", "extension": "", "success": 1, "decoded_url": "http://www.megaupload.com/?d=TKK921PN", "type": 1, "method": "string after separator ++ reverse"}
{"domain": "www.celularbr.com", "originalUrl": "http://www.celularbr.com/seven/?url=NP129KKT=d?/moc.daolpuagem.www//:ptth", "extension": "", "success": 1, "decoded_url": "http://www.megaupload.com/?d=TKK921PN", "type": 1, "method": "string after separator ++ reverse"}
{"domain": "www.hitsmp3.net", "originalUrl": "http://www.hitsmp3.net/cds-download.php?id=8500", "extension": "", "success": 1, "decoded_url": "http://www.hitsmp3.net/cds-liberado.php?id=8500", "type": 1, "method": "trocando URL sem mais nada"}
{"domain": "filmeseserieshd.com", "originalUrl": "http://filmeseserieshd.com/fs/protetor.php?link=Z@E$lmth.50x2seisiaDgnihsuP/8f64a7dc/42481127/elif/moc.derahs4.www//:ptth", "extension": "", "success": 1, "decoded_url": "http://www.4shared.com/file/72118424/cd7a46f8/PushingDaisies2x05.html", "type": 1, "method": "custom simple param"}
ba
{"domain": "www.centrodedownload.com", "originalUrl": "http://www.centrodedownload.com/2013/02/avenging-angel.html", "extension": "", "success": 1, "decoded_url": "http://www.multiupload.nl/9017CUC7AV", "type": 1, "method": "get url + regex"}
{"domain": "www.pqueno.com", "originalUrl": "http://www.pqueno.com/?a0kjC", "extension": "", "success": 1, "decoded_url": "http://www.gigasize.com/get.php?d=zzdrym6mz8b", "type": 1, "method": "get url + regex"}
{"domain": "www.lockurl.org", "originalUrl": "http://www.lockurl.org/YuxW13", "extension": "", "success": 1, "decoded_url": "http://oron.com/hc7j185ibssd/AH_Final_Fantasy_VII_Advent_Children_Complete_5BBD_5D.part01.rar.html", "type": 1, "method": "get url + regex"}
{"domain": "link-protector.com", "originalUrl": "http://link-protector.com/x-88356", "extension": "", "success": 1, "decoded_url": "http://rapidshare.com/files/215142479/1996_-_Venus_Isle.rar", "type": 1, "method": "get url + regex"}
{"domain": "linkprotegido.info", "originalUrl": "http://linkprotegido.info/2s/ID/?a985", "extension": "", "success": 1, "decoded_url": "http://depositfiles.com/files/t1xm9vyh2", "type": 1, "method": "get url + regex"}
{"domain": "www.centrodedownload.com", "originalUrl": "http://www.centrodedownload.com/2011/10/assassins-creed-hd.html", "extension": "", "success": 1, "decoded_url": "http://www.mediafire.com/?r8umm5qq2xnzzmk", "type": 1, "method": "get url + regex"}
{"domain": "adf.ly", "originalUrl": "http://adf.ly/T5aAc", "extension": "", "success": 1, "decoded_url": "http://www.predicta.net", "type": 1, "method": "special (adf.ly) split string b64"}
{"domain": "adf.ly", "originalUrl": "http://adf.ly/RFKCZ", "extension": "", "success": 1, "decoded_url": "http://www37.zippyshare.com/v/46543982/file.html", "type": 1, "method": "special (adf.ly) split string b64"}
{"domain": "www.link-protegido.com", "originalUrl": "http://www.link-protegido.com/semprefilmesv2/?link=6HCZL0W01X", "extension": "", "success": 1, "decoded_url": "http://uploaded.net/file/dmoy47yu", "type": 1, "method": "usando desprotetordelink.com(link-protegido.com)"}
{"domain": "www.link-protegido.com", "originalUrl": "http://www.link-protegido.com/semprefilmesv2/?link=CCKIT94P73", "extension": "", "success": 1, "decoded_url": "http://bitshare.com/files/650rpa4a/Sev2n.Os.Set5.Cr1m3s.Cap1tai5.Dubl2d-.mkv.html", "type": 1, "method": "usando desprotetordelink.com(link-protegido.com)"}
{"domain": "test.test", "originalUrl": "http://test.test/go!http://www.correct.com", "extension": "", "success": 1, "decoded_url": "http://www.correct.com", "type": 1, "method": "string after separator ++ simple"}
{"domain": "test.test|http:", "originalUrl": "http://test.test|http://www.correct.com", "extension": "", "success": 1, "decoded_url": "http://www.correct.com", "type": 1, "method": "string after separator ++ simple"}
{"domain": "test.test", "originalUrl": "http://test.test//download/?http://www.correct.com", "extension": "", "success": 1, "decoded_url": "http://www.correct.com", "type": 1, "method": "string after separator ++ simple"}
{"domain": "test.test", "originalUrl": "http://test.test?down!http://www.correct.com", "extension": "", "success": 1, "decoded_url": "http://www.correct.com", "type": 1, "method": "string after separator ++ simple"}
{"domain": "test.test", "originalUrl": "http://test.test?down!http://www.correct.com", "extension": "", "success": 1, "decoded_url": "http://www.correct.com", "type": 1, "method": "string after separator ++ simple"}
{"domain": "www.dicasgratisnanet.net", "originalUrl": "http://www.dicasgratisnanet.net/driversprotetor//p/protcaHR0cDovL/aHR0cDovL3d3dy5wb3NpdGl2b2luZm9ybWF0aWNhLmNvbS5ici9zdXBvcnRlcG9zaXRpdm8vZHJpdmVycy9kb3dubG9hZC5hc3A/cGFyYW09MjE3OTY5JmZpbGU9MTEwODc5MjRfQ1JEX1dJTjdfeDY0XzAwLmV4ZQ==", "extension": "", "success": 1, "decoded_url": "http://www.positivoinformatica.com.br/suportepositivo/drivers/download.asp?param=217969&file=11087924_CRD_WIN7_x64_00.exe", "type": 1, "method": "string after separator ++ base64"}
{"domain": "www.vamola.in", "originalUrl": "http://www.vamola.in/&test&test&http://www.correct.com", "extension": "", "success": 1, "decoded_url": "http://www.correct.com", "type": 1, "method": "string after separator ++ simple"}
{"domain": "superdownsmega.paginadedownload.info", "originalUrl": "http://superdownsmega.paginadedownload.info/http://www.cor.urlrect.com", "extension": "", "success": 1, "decoded_url": "http://www.correct.com", "type": 1, "method": "string after separator ++ simple"}
{"domain": "superdownsmega.paginadedownload.info", "originalUrl": "http://superdownsmega.paginadedownload.info/http://www.cor.urlrect.com", "extension": "", "success": 1, "decoded_url": "http://www.correct.com", "type": 1, "method": "string after separator ++ simple"}
{"domain": "filmeslegendados.info", "originalUrl": "http://filmeslegendados.info/?http://www.correct.com", "extension": "", "success": 1, "decoded_url": "http://www.correct.com", "type": 1, "method": "string after separator ++ simple"}
{"domain": "dicasedicas.info", "originalUrl": "http://dicasedicas.info/go/protetor/?8bfwxktq/ot.lu//:ptth", "extension": "", "success": 1, "decoded_url": "http://ul.to/qtkxwfb8", "type": 1, "method": "string after separator ++ reverse"}
{"domain": "gta.nafaixa.com.br", "originalUrl": "http://gta.nafaixa.com.br/link-download/pd/aHR0cDovL/68747470733a2f2f646c2e64726f70626f782e636f6d2f752f36373333343230342f4754412532305341253230416476616e6365642532304d6f64732f417765736f6d652532302e49465025323056332e726172", "extension": "", "success": 1, "decoded_url": "https://dl.dropbox.com/u/67334204/GTA%20SA%20Advanced%20Mods/Awesome%20.IFP%20V3.rar", "type": 1, "method": "string after separator ++ hex unencode"}
{"domain": "", "originalUrl": "68747470733a2f2f646c2e64726f70626f782e636f6d2f752f36373333343230342f4754412532305341253230416476616e6365642532304d6f64732f417765736f6d652532302e49465025323056332e726172", "extension": "", "success": 1, "decoded_url": "https://dl.dropbox.com/u/67334204/GTA%20SA%20Advanced%20Mods/Awesome%20.IFP%20V3.rar", "type": 1, "method": "hex unencode"}
{"domain": "", "originalUrl": "aHR0cDovL2Fkdi5saS83MzkwL2h0dHA6Ly95YWRpLnNrL2QvN19YbWJTSkEwQUprMQ==", "extension": "", "success": 1, "decoded_url": "http://adv.li/7390/http://yadi.sk/d/7_XmbSJA0AJk1", "type": 1, "method": "base64"}
{"domain": "", "originalUrl": "QmFpeGFyIEZpbG1lIERldG9uYSBSYWxwaCAgRHVibGFkb3xodHRwOi8vYml0c2hhcmUuY29tL2ZpbGVzL3Y0NjgzanB5L0RSYWxwLlI1LkQuQS5hdmkuaHRtbA=", "extension": "", "success": 1, "decoded_url": "http://bitshare.com/files/v4683jpy/DRalp.R5.D.A.avi.html", "type": 1, "method": "default base64 with pipe separator, no url"}
{"domain": "www.test.com.br", "originalUrl": "http://www.test.com.br?url=http://desprotetordelink.com", "type": 1, "extension": "", "success": 0}
{"domain": "www.test.com.br", "originalUrl": "http://www.test.com.br?url=http://www.correct.com", "extension": "", "success": 1, "decoded_url": "http://www.correct.com", "type": 1, "method": "simple query string ++ simple"}
{"domain": "www.test.com.br", "originalUrl": "http://www.test.com.br?url=http://www.correct.com", "extension": "", "success": 1, "decoded_url": "http://www.correct.com", "type": 1, "method": "simple query string ++ simple"}
{"domain": "", "originalUrl": "lmth.rar.RCSMMM0B0DAL/3719gyqu/selif/moc.erahstib//:ptth", "extension": "", "success": 1, "decoded_url": "http://bitshare.com/files/uqyg9173/LAD0B0MMMSCR.rar.html", "type": 1, "method": "reverse"}
{"domain": "www.bolosetortas.info", "originalUrl": "http://www.bolosetortas.info/bolodelimao/?url=lmth.bvmr.geL.DB.VdEO2FM/tz6iarpt/selif/moc.erahskaerf//:ptth", "extension": "", "success": 1, "decoded_url": "http://freakshare.com/files/tprai6zt/MF2OEdV.BD.Leg.rmvb.html", "type": 1, "method": "simple query string ++ reverse"}
{"domain": "www.test.com.br", "originalUrl": "http://www.test.com.br?url=http://www.correct.com", "extension": "", "success": 1, "decoded_url": "http://www.correct.com", "type": 1, "method": "simple query string ++ simple"}
{"domain": "www.test.com.br", "originalUrl": "http://www.test.com.br?blag=xkcd&enourmousparametername=http://www.correct.com&url=test&test=1", "extension": "", "success": 1, "decoded_url": "http://www.correct.com", "type": 1, "method": "simple query string ++ simple"}
{"domain": "www.buskaqui.in", "originalUrl": "http://www.buskaqui.in/protetoradsense2//pd/aHR0cDovL/687474703a2f2f747572626f6269742e6e65742f6b3472796b626f39347830692e68746d6c", "extension": "", "success": 1, "decoded_url": "http://turbobit.net/k4rykbo94x0i.html", "type": 1, "method": "hex unencode"}
{"domain": "www.baixandolegal.org", "originalUrl": "http://www.baixandolegal.org/d/index3.php?l=aC9pdi9XdHdsZWZ1dHdlLmllcHdzY2w1Oi5lb2V4L2ZybS9FWA", "extension": "", "success": 1, "decoded_url": "http://www.fileserve.com/file/Wue5xEX", "type": 1, "method": "custom decode even roundabout"}
{"domain": "www.baixandolegal.org", "originalUrl": "http://www.baixandolegal.org/d/index3.php?l=aHdpbDZkcnVjdC5jZTFvZ2RodGYuLy9sLmkucGljNWJlYm5UOmxvMmFneWhCL2VtMWlhLm9CL3MvMHhsQ0xUd29mMmEubGUud25pNW5vYWUwMi4wNS5ybXZi", "extension": "", "success": 1, "decoded_url": "http://www.filesonic.com/file/52102561/baixandolegal.org.by.ClaudinhoLeech.TBBT.02.05.rmvb", "type": 1, "method": "custom decode even roundabout"}
{"domain": "www.baixandolegal.org", "originalUrl": "http://www.baixandolegal.org/d/index3.php?l=aGlhZWlMLnV0YmRqZDJMYnRlLmhtLlAucHJjMi9CYXI6dW9pU0RybS9wbTdIUmt2L2wvajNpLmJmbzFiUnBELmh0bWw=", "extension": "", "success": 1, "decoded_url": "http://fiberupload.com/1ejh2i7jbidm/SH3RL2.BDRip.LPark.Dub.rmvb.html", "type": 1, "method": "custom decode even roundabout"}
{"domain": "www.baixandolegal.org", "originalUrl": "http://www.baixandolegal.org/d/index3.php?l=YUhCakx6UXlZUzVzZEdsdk1pOHdiR0psZEdSdE9FOHdhV0ZuY0hNdk5XWXpkR2xoT21obU0yWXVaWGhzTDJGcE9XbDFYMkV1TDNKc01HTnNkMjV2Y21WbE5HVjBkMlJ5WVM1ek1DNXlkMjluTG5KaGNnPT0=", "extension": "", "success": 1, "decoded_url": "http://rapidshare.com/files/285390404/Office.2003.ultralite_www.baixandolegal.org.rar", "type": 1, "method": "custom decode even roundabout"}
{"domain": "protetor.downloadcdsgratis.com", "originalUrl": "http://protetor.downloadcdsgratis.com/?url=UhTt3tUpG:N/S/Vw=wdw?./mmeogca.udpalo&t=2", "extension": "", "success": 1, "decoded_url": "http://www.megaupload.com/?d=VSNGU3TU", "type": 1, "method": "custom decode even/odd"}
{"domain": "36.baixevipdown.net", "originalUrl": "http://36.baixevipdown.net/?test=http://www.incorrect.com&url=http://www.correct.com&?test2=http://www.incorrect.com", "extension": "", "success": 1, "decoded_url": "http://www.correct.com", "type": 1, "method": "simple"}
{"domain": "www.sitesmundo.net", "originalUrl": "http://www.sitesmundo.net/baixar/linkBV/index1.php?link=4142434445464748494A4B4C4F4D4E4F5051525354555758595A&location=06c06d07406802e05304105204204f04104904e05507707707705f02d05f06507006d06104305f06106907204605f06e06906b05302f06d03305107006b06206d06802f06506c06906602f06d06f06302e06406507206106807303402e07707707702f02f03a070074074068", "extension": "", "success": 1, "decoded_url": "http://www.4shared.com/file/hmbkpQ3m/Skin_Fria_Campe_-_wwwUNIAOBRAS.html", "type": 1, "method": "custom decode inverted s with 0s between"}
{"domain": "protetor.download-jogo.com", "originalUrl": "http://protetor.download-jogo.com/v2/?url=kjhUhTt3tUpG:N/S/Vw=wdw?./mmeogca.udpalokjh&t=2", "extension": "", "success": 1, "decoded_url": "http://www.megaupload.com/?d=VSNGU3TU", "type": 1, "method": "custom decode even roundabout"}
{"domain": "www.protetor.org", "originalUrl": "http://www.protetor.org/baixar.php?h=m4479uu-j7x.n4pnaj.g0xtupnaj.u08ph_6/aa", "extension": "", "success": 1, "decoded_url": "http://depositfiles.com/files/cwfxkrzll", "type": 1, "method": "custom decode rotate char"}
{"domain": "www.loucosporsoftwares.com", "originalUrl": "http://www.loucosporsoftwares.com/lps/protetor/?url=VGhlIFdhbGtpbmcgRGVhZDogU3Vydml2YWwgSW5zdGluY3QgIFJlbG9hZGVkfGh0dHA6Ly9zaGFyZWZpbGVzLmNvL3ZxMnlqOGl3dHp6by9SRUxUV0RTMS5wYXJ0NC5yYXIuaHRtbA==", "extension": "", "success": 1, "decoded_url": "http://sharefiles.co/vq2yj8iwtzzo/RELTWDS1.part4.rar.html", "type": 1, "method": "special (direcionando.baixetudo) split string b64"}
{"domain": "www.linkstw.com", "originalUrl": "http://www.linkstw.com/sh/protetor.php?link=Z@E$5KGwNWa/elif/moc.evreselif.www//:ptth", "extension": "", "success": 1, "decoded_url": "http://www.fileserve.com/file/aWNwGK5", "type": 1, "method": "custom simple param"}
{"domain": "gospel.ebaixar.com", "originalUrl": "http://gospel.ebaixar.com/?ID!aHR0cDovL3d3dy40c2hhcmVkLmNvbS9yYXIvS1hOYWQzdi0vR09TUEVMX01VU0lDQV9VTklURURfXzIwMTNfcGFyLmh0bWw=", "extension": "", "success": 1, "decoded_url": "http://www.4shared.com/rar/KXNad3v-/GOSPEL_MUSICA_UNITED__2013_par.html", "type": 1, "method": "base64"}
{"domain": "redirecionardownbt.com", "originalUrl": "http://redirecionardownbt.com/index.php?url=aHR0cDovL2Fkdi5saS83MzkwL2h0dHA6Ly95YWRpLnNrL2QvN19YbWJTSkEwQUprMQ==", "extension": "", "success": 1, "decoded_url": "http://adv.li/7390/http://yadi.sk/d/7_XmbSJA0AJk1", "type": 1, "method": "simple query string ++ base64"}
{"domain": "www.agaleradodownload.com", "originalUrl": "http://www.agaleradodownload.com/download/?id=687474703a2f2f6465706f73697466696c65732e636f6d2f66696c65732f63376f616f39317375", "extension": "", "success": 1, "decoded_url": "http://depositfiles.com/files/c7oao91su", "type": 1, "method": "simple query string ++ hex unencode"}
{"domain": "", "originalUrl": "RG93bmxvYWQgRGUgUGVybmFzIFBybyBBciAyfGh0dHA6Ly9saW5rcHJvdGVnaWRvLmluZm8vcmVkaXJlY2lvbmFyLz91cmw9aHR0cDovL3llc3MubWUvaXIvaWQvYUhSMGNEb3ZMM0JoYzNSbFltbHVMbU52YlM5elF6aENNMEZqZUE9PS8", "extension": "", "success": 1, "decoded_url": "http://yess.me/ir/id/aHR0cDovL3Bhc3RlYmluLmNvbS9zQzhCM0FjeA==/", "type": 1, "method": "base64"}
{"domain": "", "originalUrl": "Um9sbGluZyBTdG9uZXMgIEdyZWF0ZXN0IEhpdHN8aHR0cHM6Ly9ob3RmaWxlLmNvbS9kbC8xNzczNjg4NzMvNzdiYTcxYS90aGVyZWJlbHMubmVja2VsNDkucmFyLmh0bWw=", "extension": "", "success": 1, "decoded_url": "https://hotfile.com/dl/177368873/77ba71a/therebels.neckel49.rar.html", "type": 1, "method": "base64"}
{"domain": "www.baixarfilmesdublados.info", "originalUrl": "http://www.baixarfilmesdublados.info/baixar/?url=QmFpeGFyIEZpbG1lIEEgQ2FzYSBEb3MgU29uaG9zICBEdWJsYWRvfGh0dHA6Ly91bC50by94a2E4cjkybi9BQ2RTLkJELkR1Yi5ybXZi", "extension": "", "success": 1, "decoded_url": "http://ul.to/xka8r92n/ACdS.BD.Dub.rmvb", "type": 1, "method": "special (direcionando.baixetudo) split string b64"}
{"domain": "www.klumag.net", "originalUrl": "http://www.klumag.net/ids/id35/baixar?lnk=QmFpeGFyIEZpbG1lIFBvbGljaWFsIEVtIEFwdXJvcyAgRHVibGFkb3xodHRwOi8vdXBsb2FkZWQubmV0L2ZpbGUvZDZwdTdhNjE=", "extension": "", "success": 1, "decoded_url": "http://uploaded.net/file/d6pu7a61", "type": 1, "method": "special (direcionando.baixetudo) split string b64"}
{"domain": "www.baixeadrenalina.com", "originalUrl": "http://www.baixeadrenalina.com/protetor/?id=687474703a2f2f62697473686172652e636f6d2f66696c65732f30367474776f6e6d2f5355502e5430352e4530312e2d2e4475616c2e417564696f2e7261722e68746d6c", "extension": "", "success": 1, "decoded_url": "http://bitshare.com/files/06ttwonm/SUP.T05.E01.-.Dual.Audio.rar.html", "type": 1, "method": "simple query string ++ hex unencode"}
{"domain": "www.celularbr.com", "originalUrl": "http://www.celularbr.com/seven/?NP129KKT=d?/moc.daolpuagem.www//:ptth", "extension": "", "success": 1, "decoded_url": "http://www.megaupload.com/?d=TKK921PN", "type": 1, "method": "string after separator ++ reverse"}
{"domain": "www.celularbr.com", "originalUrl": "http://www.celularbr.com/seven/?url=NP129KKT=d?/moc.daolpuagem.www//:ptth", "extension": "", "success": 1, "decoded_url": "http://www.megaupload.com/?d=TKK921PN", "type": 1, "method": "string after separator ++ reverse"}
{"domain": "www.hitsmp3.net", "originalUrl": "http://www.hitsmp3.net/cds-download.php?id=8500", "extension": "", "success": 1, "decoded_url": "http://www.hitsmp3.net/cds-liberado.php?id=8500", "type": 1, "method": "trocando URL sem mais nada"}
{"domain": "filmeseserieshd.com", "originalUrl": "http://filmeseserieshd.com/fs/protetor.php?link=Z@E$lmth.50x2seisiaDgnihsuP/8f64a7dc/42481127/elif/moc.derahs4.www//:ptth", "extension": "", "success": 1, "decoded_url": "http://www.4shared.com/file/72118424/cd7a46f8/PushingDaisies2x05.html", "type": 1, "method": "custom simple param"}
